Determining if the pthread_create exist failed with the following output:
Change Dir: /home/malayajrath/catkin_ws/build/CMakeFiles/CMakeTmp

Run Build Command:"/usr/bin/make" "cmTC_382ab/fast"
/usr/bin/make -f CMakeFiles/cmTC_382ab.dir/build.make CMakeFiles/cmTC_382ab.dir/build
make[1]: Entering directory '/home/malayajrath/catkin_ws/build/CMakeFiles/CMakeTmp'
Building C object CMakeFiles/cmTC_382ab.dir/CheckSymbolExists.c.o
/usr/bin/cc    -o CMakeFiles/cmTC_382ab.dir/CheckSymbolExists.c.o   -c /home/malayajrath/catkin_ws/build/CMakeFiles/CMakeTmp/CheckSymbolExists.c
Linking C executable cmTC_382ab
/usr/bin/cmake -E cmake_link_script CMakeFiles/cmTC_382ab.dir/link.txt --verbose=1
/usr/bin/cc      -rdynamic CMakeFiles/cmTC_382ab.dir/CheckSymbolExists.c.o  -o cmTC_382ab 
CMakeFiles/cmTC_382ab.dir/CheckSymbolExists.c.o: In function `main':
CheckSymbolExists.c:(.text+0x1b): undefined reference to `pthread_create'
collect2: error: ld returned 1 exit status
CMakeFiles/cmTC_382ab.dir/build.make:97: recipe for target 'cmTC_382ab' failed
make[1]: *** [cmTC_382ab] Error 1
make[1]: Leaving directory '/home/malayajrath/catkin_ws/build/CMakeFiles/CMakeTmp'
Makefile:126: recipe for target 'cmTC_382ab/fast' failed
make: *** [cmTC_382ab/fast] Error 2

File /home/malayajrath/catkin_ws/build/CMakeFiles/CMakeTmp/CheckSymbolExists.c:
/* */
#include <pthread.h>

int main(int argc, char** argv)
{
  (void)argv;
#ifndef pthread_create
  return ((int*)(&pthread_create))[argc];
#else
  (void)argc;
  return 0;
#endif
}

Determining if the function pthread_create exists in the pthreads failed with the following output:
Change Dir: /home/malayajrath/catkin_ws/build/CMakeFiles/CMakeTmp

Run Build Command:"/usr/bin/make" "cmTC_ce6b7/fast"
/usr/bin/make -f CMakeFiles/cmTC_ce6b7.dir/build.make CMakeFiles/cmTC_ce6b7.dir/build
make[1]: Entering directory '/home/malayajrath/catkin_ws/build/CMakeFiles/CMakeTmp'
Building C object CMakeFiles/cmTC_ce6b7.dir/CheckFunctionExists.c.o
/usr/bin/cc   -DCHECK_FUNCTION_EXISTS=pthread_create   -o CMakeFiles/cmTC_ce6b7.dir/CheckFunctionExists.c.o   -c /usr/share/cmake-3.10/Modules/CheckFunctionExists.c
Linking C executable cmTC_ce6b7
/usr/bin/cmake -E cmake_link_script CMakeFiles/cmTC_ce6b7.dir/link.txt --verbose=1
/usr/bin/cc  -DCHECK_FUNCTION_EXISTS=pthread_create    -rdynamic CMakeFiles/cmTC_ce6b7.dir/CheckFunctionExists.c.o  -o cmTC_ce6b7 -lpthreads 
/usr/bin/ld: cannot find -lpthreads
collect2: error: ld returned 1 exit status
CMakeFiles/cmTC_ce6b7.dir/build.make:97: recipe for target 'cmTC_ce6b7' failed
make[1]: *** [cmTC_ce6b7] Error 1
make[1]: Leaving directory '/home/malayajrath/catkin_ws/build/CMakeFiles/CMakeTmp'
Makefile:126: recipe for target 'cmTC_ce6b7/fast' failed
make: *** [cmTC_ce6b7/fast] Error 2


